W0323 21:13:20.851000 46776 torch/distributed/run.py:803] 
W0323 21:13:20.851000 46776 torch/distributed/run.py:803] *****************************************
W0323 21:13:20.851000 46776 torch/distributed/run.py:803] Setting OMP_NUM_THREADS environment variable for each process to be 1 in default, to avoid your system being overloaded, please further tune the variable for optimal performance in your application as needed. 
W0323 21:13:20.851000 46776 torch/distributed/run.py:803] *****************************************
logs/b4307f74-da41-464c-9d14-662cfc971a5b.txt
val_bpb:enabled tokenizer_kind=sentencepiece tokenizer_path=./data/tokenizers/fineweb_4096_bpe.model
train_loader:dataset:fineweb10B_sp4096 train_shards:80 val_tokens:44847104
model_params:26041425 world_size:8 grad_accum_steps:1
optimizations: fuse_qkv:True batch_muon:True fa3:True
attention_mode:gqa num_heads:8 num_kv_heads:4
tie_embeddings:True embed_lr:0.03 head_lr:0.0 matrix_lr:0.02 scalar_lr:0.02
train_batch_tokens:786432 train_seq_len:1024 iterations:20000 warmup_steps:20 max_wallclock_seconds:600.000
seed:1337 ema_enabled:True ema_decay:0.999 ema_every:10
ttt_lora_rank:8 ttt_lora_lr:0.01 ttt_chunk_size:256
warmup_step:1/20
warmup_step:2/20
warmup_step:3/20
warmup_step:4/20
warmup_step:5/20
warmup_step:6/20
warmup_step:7/20
warmup_step:8/20
warmup_step:9/20
warmup_step:10/20
warmup_step:11/20
warmup_step:12/20
warmup_step:13/20
warmup_step:14/20
warmup_step:15/20
warmup_step:16/20
warmup_step:17/20
warmup_step:18/20
warmup_step:19/20
warmup_step:20/20
step:0/20000 val_loss:8.3096 val_bpb:3.5663 train_time:0ms step_avg:0.02ms
step:1/20000 train_loss:8.310329 lr_scale:1.0000 muon_mom:0.9200 train_time:122ms step_avg:121.76ms this_step:121.8ms mem:19152MiB swa_n:0
step:2/20000 train_loss:8.986031 lr_scale:1.0000 muon_mom:0.9200 train_time:230ms step_avg:114.94ms this_step:108.1ms mem:19155MiB swa_n:0
step:3/20000 train_loss:8.880075 lr_scale:1.0000 muon_mom:0.9201 train_time:449ms step_avg:149.72ms this_step:219.3ms mem:19155MiB swa_n:0
step:4/20000 train_loss:8.450844 lr_scale:1.0000 muon_mom:0.9201 train_time:623ms step_avg:155.66ms this_step:173.5ms mem:19155MiB swa_n:0
step:5/20000 train_loss:8.232290 lr_scale:1.0000 muon_mom:0.9202 train_time:704ms step_avg:140.81ms this_step:81.4ms mem:19155MiB swa_n:0
step:6/20000 train_loss:8.035666 lr_scale:1.0000 muon_mom:0.9202 train_time:830ms step_avg:138.34ms this_step:126.0ms mem:19155MiB swa_n:0
step:7/20000 train_loss:7.779108 lr_scale:1.0000 muon_mom:0.9203 train_time:947ms step_avg:135.28ms this_step:116.9ms mem:19155MiB swa_n:0
step:8/20000 train_loss:7.687978 lr_scale:1.0000 muon_mom:0.9203 train_time:1028ms step_avg:128.47ms this_step:80.8ms mem:19155MiB swa_n:0
step:9/20000 train_loss:7.477907 lr_scale:1.0000 muon_mom:0.9204 train_time:1106ms step_avg:122.89ms this_step:78.2ms mem:19155MiB swa_n:0
step:10/20000 train_loss:7.188601 lr_scale:1.0000 muon_mom:0.9204 train_time:1227ms step_avg:122.71ms this_step:121.1ms mem:19155MiB swa_n:0
step:50/20000 train_loss:4.931083 lr_scale:1.0000 muon_mom:0.9223 train_time:4111ms step_avg:82.22ms this_step:2883.9ms mem:19155MiB swa_n:0
step:100/20000 train_loss:4.184347 lr_scale:1.0000 muon_mom:0.9246 train_time:7735ms step_avg:77.35ms this_step:3624.4ms mem:19155MiB swa_n:0
step:150/20000 train_loss:3.912550 lr_scale:1.0000 muon_mom:0.9270 train_time:13818ms step_avg:92.12ms this_step:6082.8ms mem:19155MiB swa_n:0
step:200/20000 train_loss:3.615589 lr_scale:1.0000 muon_mom:0.9293 train_time:17510ms step_avg:87.55ms this_step:3692.0ms mem:19155MiB swa_n:0
step:250/20000 train_loss:3.537272 lr_scale:1.0000 muon_mom:0.9316 train_time:21165ms step_avg:84.66ms this_step:3654.5ms mem:19155MiB swa_n:0
step:300/20000 train_loss:3.399457 lr_scale:1.0000 muon_mom:0.9340 train_time:27303ms step_avg:91.01ms this_step:6137.9ms mem:19155MiB swa_n:0
step:350/20000 train_loss:3.373270 lr_scale:1.0000 muon_mom:0.9363 train_time:31007ms step_avg:88.59ms this_step:3704.1ms mem:19155MiB swa_n:0
step:400/20000 train_loss:3.431927 lr_scale:1.0000 muon_mom:0.9386 train_time:38041ms step_avg:95.10ms this_step:7033.8ms mem:19155MiB swa_n:0
step:450/20000 train_loss:3.118528 lr_scale:1.0000 muon_mom:0.9410 train_time:41675ms step_avg:92.61ms this_step:3634.4ms mem:19155MiB swa_n:0
step:500/20000 train_loss:3.347057 lr_scale:1.0000 muon_mom:0.9433 train_time:45346ms step_avg:90.69ms this_step:3670.9ms mem:19155MiB swa_n:0
step:550/20000 train_loss:3.252464 lr_scale:1.0000 muon_mom:0.9456 train_time:53189ms step_avg:96.71ms this_step:7843.6ms mem:19155MiB swa_n:0
step:600/20000 train_loss:3.277174 lr_scale:1.0000 muon_mom:0.9480 train_time:56884ms step_avg:94.81ms this_step:3694.3ms mem:19155MiB swa_n:0
step:650/20000 train_loss:3.162557 lr_scale:1.0000 muon_mom:0.9503 train_time:62486ms step_avg:96.13ms this_step:5601.9ms mem:19155MiB swa_n:0
step:700/20000 train_loss:3.289172 lr_scale:1.0000 muon_mom:0.9526 train_time:66179ms step_avg:94.54ms this_step:3693.1ms mem:19155MiB swa_n:0
step:750/20000 train_loss:3.116648 lr_scale:1.0000 muon_mom:0.9550 train_time:69816ms step_avg:93.09ms this_step:3637.4ms mem:19155MiB swa_n:0
step:800/20000 train_loss:3.179763 lr_scale:1.0000 muon_mom:0.9573 train_time:76361ms step_avg:95.45ms this_step:6545.4ms mem:19155MiB swa_n:0
step:850/20000 train_loss:3.096352 lr_scale:1.0000 muon_mom:0.9596 train_time:80044ms step_avg:94.17ms this_step:3682.4ms mem:19155MiB swa_n:0
step:900/20000 train_loss:3.085059 lr_scale:1.0000 muon_mom:0.9620 train_time:86251ms step_avg:95.83ms this_step:6206.7ms mem:19155MiB swa_n:0
step:950/20000 train_loss:3.088601 lr_scale:1.0000 muon_mom:0.9643 train_time:89885ms step_avg:94.62ms this_step:3634.6ms mem:19155MiB swa_n:0
step:1000/20000 train_loss:3.071405 lr_scale:1.0000 muon_mom:0.9666 train_time:93577ms step_avg:93.58ms this_step:3691.9ms mem:19155MiB swa_n:0
step:1000/20000 val_loss:3.0805 val_bpb:1.3221 train_time:93695ms step_avg:93.69ms
step:1050/20000 train_loss:2.872955 lr_scale:1.0000 muon_mom:0.9690 train_time:100016ms step_avg:95.25ms this_step:6439.2ms mem:19155MiB swa_n:0
step:1100/20000 train_loss:3.005982 lr_scale:1.0000 muon_mom:0.9713 train_time:103647ms step_avg:94.22ms this_step:3631.0ms mem:19155MiB swa_n:0
step:1150/20000 train_loss:2.988916 lr_scale:1.0000 muon_mom:0.9736 train_time:109637ms step_avg:95.34ms this_step:5989.9ms mem:19155MiB swa_n:0
step:1200/20000 train_loss:3.054626 lr_scale:1.0000 muon_mom:0.9760 train_time:113386ms step_avg:94.49ms this_step:3748.8ms mem:19155MiB swa_n:0
step:1250/20000 train_loss:3.111506 lr_scale:1.0000 muon_mom:0.9783 train_time:117064ms step_avg:93.65ms this_step:3678.1ms mem:19155MiB swa_n:0
step:1300/20000 train_loss:2.972692 lr_scale:1.0000 muon_mom:0.9806 train_time:124570ms step_avg:95.82ms this_step:7505.4ms mem:19155MiB swa_n:0
step:1350/20000 train_loss:3.056199 lr_scale:1.0000 muon_mom:0.9830 train_time:128258ms step_avg:95.01ms this_step:3688.0ms mem:19155MiB swa_n:0
step:1400/20000 train_loss:3.032348 lr_scale:1.0000 muon_mom:0.9853 train_time:136276ms step_avg:97.34ms this_step:8018.4ms mem:19155MiB swa_n:0
step:1450/20000 train_loss:3.017757 lr_scale:1.0000 muon_mom:0.9876 train_time:139966ms step_avg:96.53ms this_step:3689.7ms mem:19155MiB swa_n:0
step:1500/20000 train_loss:3.425355 lr_scale:1.0000 muon_mom:0.9900 train_time:143656ms step_avg:95.77ms this_step:3689.8ms mem:19155MiB swa_n:0
step:1550/20000 train_loss:2.956681 lr_scale:1.0000 muon_mom:0.9900 train_time:151718ms step_avg:97.88ms this_step:8062.0ms mem:19155MiB swa_n:0
step:1600/20000 train_loss:2.947448 lr_scale:1.0000 muon_mom:0.9900 train_time:155345ms step_avg:97.09ms this_step:3626.9ms mem:19155MiB swa_n:0
step:1650/20000 train_loss:2.956134 lr_scale:1.0000 muon_mom:0.9900 train_time:159111ms step_avg:96.43ms this_step:3766.7ms mem:19155MiB swa_n:0
step:1700/20000 train_loss:3.137726 lr_scale:1.0000 muon_mom:0.9900 train_time:166474ms step_avg:97.93ms this_step:7363.0ms mem:19155MiB swa_n:0
step:1750/20000 train_loss:3.046260 lr_scale:1.0000 muon_mom:0.9900 train_time:170262ms step_avg:97.29ms this_step:3787.9ms mem:19155MiB swa_n:0
step:1800/20000 train_loss:3.049212 lr_scale:1.0000 muon_mom:0.9900 train_time:176302ms step_avg:97.95ms this_step:6040.2ms mem:19155MiB swa_n:0
step:1850/20000 train_loss:3.024841 lr_scale:1.0000 muon_mom:0.9900 train_time:179927ms step_avg:97.26ms this_step:3624.3ms mem:19155MiB swa_n:0
step:1900/20000 train_loss:2.862930 lr_scale:1.0000 muon_mom:0.9900 train_time:183620ms step_avg:96.64ms this_step:3693.1ms mem:19155MiB swa_n:0
step:1950/20000 train_loss:3.030935 lr_scale:1.0000 muon_mom:0.9900 train_time:191403ms step_avg:98.16ms this_step:7783.4ms mem:19155MiB swa_n:0
step:2000/20000 train_loss:2.984520 lr_scale:1.0000 muon_mom:0.9900 train_time:195065ms step_avg:97.53ms this_step:3661.9ms mem:19155MiB swa_n:0
step:2000/20000 val_loss:2.9508 val_bpb:1.2664 train_time:195113ms step_avg:97.56ms
step:2050/20000 train_loss:3.001415 lr_scale:1.0000 muon_mom:0.9900 train_time:200878ms step_avg:97.99ms this_step:5813.2ms mem:19155MiB swa_n:0
step:2100/20000 train_loss:2.937346 lr_scale:1.0000 muon_mom:0.9900 train_time:204505ms step_avg:97.38ms this_step:3626.6ms mem:19155MiB swa_n:0
step:2150/20000 train_loss:2.943118 lr_scale:1.0000 muon_mom:0.9900 train_time:208159ms step_avg:96.82ms this_step:3654.0ms mem:19155MiB swa_n:0
step:2200/20000 train_loss:2.944375 lr_scale:1.0000 muon_mom:0.9900 train_time:214488ms step_avg:97.49ms this_step:6329.2ms mem:19155MiB swa_n:0
step:2250/20000 train_loss:2.988346 lr_scale:1.0000 muon_mom:0.9900 train_time:218203ms step_avg:96.98ms this_step:3715.0ms mem:19155MiB swa_n:0
step:2300/20000 train_loss:2.888645 lr_scale:1.0000 muon_mom:0.9900 train_time:224130ms step_avg:97.45ms this_step:5927.3ms mem:19155MiB swa_n:0
step:2350/20000 train_loss:2.944993 lr_scale:1.0000 muon_mom:0.9900 train_time:227870ms step_avg:96.97ms this_step:3739.5ms mem:19155MiB swa_n:0
step:2400/20000 train_loss:2.942811 lr_scale:1.0000 muon_mom:0.9900 train_time:231580ms step_avg:96.49ms this_step:3710.5ms mem:19155MiB swa_n:0
step:2450/20000 train_loss:2.917452 lr_scale:1.0000 muon_mom:0.9900 train_time:237834ms step_avg:97.08ms this_step:6254.2ms mem:19155MiB swa_n:0
step:2500/20000 train_loss:2.949574 lr_scale:1.0000 muon_mom:0.9900 train_time:241466ms step_avg:96.59ms this_step:3632.1ms mem:19155MiB swa_n:0
step:2550/20000 train_loss:2.907181 lr_scale:1.0000 muon_mom:0.9900 train_time:248041ms step_avg:97.27ms this_step:6574.7ms mem:19155MiB swa_n:0
step:2600/20000 train_loss:3.045349 lr_scale:1.0000 muon_mom:0.9900 train_time:251730ms step_avg:96.82ms this_step:3689.1ms mem:19155MiB swa_n:0
step:2650/20000 train_loss:2.907433 lr_scale:1.0000 muon_mom:0.9900 train_time:255418ms step_avg:96.38ms this_step:3688.4ms mem:19155MiB swa_n:0
step:2700/20000 train_loss:2.967992 lr_scale:1.0000 muon_mom:0.9900 train_time:261063ms step_avg:96.69ms this_step:5644.7ms mem:19155MiB swa_n:0
step:2750/20000 train_loss:2.954408 lr_scale:1.0000 muon_mom:0.9900 train_time:264765ms step_avg:96.28ms this_step:3702.3ms mem:19155MiB swa_n:0
step:2800/20000 train_loss:2.984729 lr_scale:1.0000 muon_mom:0.9900 train_time:271369ms step_avg:96.92ms this_step:6603.2ms mem:19155MiB swa_n:0
step:2850/20000 train_loss:3.046053 lr_scale:1.0000 muon_mom:0.9900 train_time:275065ms step_avg:96.51ms this_step:3696.0ms mem:19155MiB swa_n:0
step:2900/20000 train_loss:2.958544 lr_scale:1.0000 muon_mom:0.9900 train_time:278777ms step_avg:96.13ms this_step:3712.5ms mem:19155MiB swa_n:0
step:2950/20000 train_loss:2.874072 lr_scale:1.0000 muon_mom:0.9900 train_time:285512ms step_avg:96.78ms this_step:6735.1ms mem:19155MiB swa_n:0
step:3000/20000 train_loss:2.883693 lr_scale:1.0000 muon_mom:0.9900 train_time:289192ms step_avg:96.40ms this_step:3679.8ms mem:19155MiB swa_n:0
step:3000/20000 val_loss:2.9045 val_bpb:1.2466 train_time:289322ms step_avg:96.44ms
step:3050/20000 train_loss:3.039093 lr_scale:1.0000 muon_mom:0.9900 train_time:292908ms step_avg:96.04ms this_step:3716.2ms mem:19155MiB swa_n:0
step:3100/20000 train_loss:2.864648 lr_scale:1.0000 muon_mom:0.9900 train_time:298922ms step_avg:96.43ms this_step:6014.0ms mem:19155MiB swa_n:0
step:3150/20000 train_loss:2.954988 lr_scale:1.0000 muon_mom:0.9900 train_time:302625ms step_avg:96.07ms this_step:3702.5ms mem:19155MiB swa_n:0
step:3200/20000 train_loss:2.827257 lr_scale:1.0000 muon_mom:0.9900 train_time:310302ms step_avg:96.97ms this_step:7677.3ms mem:19155MiB swa_n:0
step:3250/20000 train_loss:2.962319 lr_scale:1.0000 muon_mom:0.9900 train_time:314053ms step_avg:96.63ms this_step:3750.3ms mem:19155MiB swa_n:0
step:3300/20000 train_loss:2.749655 lr_scale:1.0000 muon_mom:0.9900 train_time:317786ms step_avg:96.30ms this_step:3733.6ms mem:19155MiB swa_n:0
step:3350/20000 train_loss:2.938448 lr_scale:1.0000 muon_mom:0.9900 train_time:324511ms step_avg:96.87ms this_step:6725.2ms mem:19155MiB swa_n:0
step:3400/20000 train_loss:2.989918 lr_scale:1.0000 muon_mom:0.9900 train_time:328227ms step_avg:96.54ms this_step:3715.1ms mem:19155MiB swa_n:0
step:3450/20000 train_loss:2.834384 lr_scale:1.0000 muon_mom:0.9900 train_time:334475ms step_avg:96.95ms this_step:6248.3ms mem:19155MiB swa_n:0
step:3500/20000 train_loss:2.846411 lr_scale:1.0000 muon_mom:0.9900 train_time:338243ms step_avg:96.64ms this_step:3768.2ms mem:19155MiB swa_n:0
step:3550/20000 train_loss:2.828970 lr_scale:1.0000 muon_mom:0.9900 train_time:341977ms step_avg:96.33ms this_step:3734.0ms mem:19155MiB swa_n:0
step:3600/20000 train_loss:2.978010 lr_scale:1.0000 muon_mom:0.9900 train_time:347869ms step_avg:96.63ms this_step:5892.0ms mem:19155MiB swa_n:0
step:3650/20000 train_loss:2.921878 lr_scale:1.0000 muon_mom:0.9900 train_time:351584ms step_avg:96.32ms this_step:3714.8ms mem:19155MiB swa_n:0
step:3700/20000 train_loss:2.941844 lr_scale:1.0000 muon_mom:0.9900 train_time:357523ms step_avg:96.63ms this_step:5938.8ms mem:19155MiB swa_n:0
step:3750/20000 train_loss:2.766949 lr_scale:1.0000 muon_mom:0.9900 train_time:361189ms step_avg:96.32ms this_step:3666.2ms mem:19155MiB swa_n:0
step:3800/20000 train_loss:2.865035 lr_scale:1.0000 muon_mom:0.9900 train_time:364897ms step_avg:96.03ms this_step:3708.3ms mem:19155MiB swa_n:0
step:3850/20000 train_loss:3.007221 lr_scale:1.0000 muon_mom:0.9900 train_time:372456ms step_avg:96.74ms this_step:7558.9ms mem:19155MiB swa_n:0
step:3900/20000 train_loss:2.911288 lr_scale:1.0000 muon_mom:0.9900 train_time:376188ms step_avg:96.46ms this_step:3732.3ms mem:19155MiB swa_n:0
step:3950/20000 train_loss:2.877867 lr_scale:1.0000 muon_mom:0.9900 train_time:383054ms step_avg:96.98ms this_step:6865.7ms mem:19155MiB swa_n:0
step:4000/20000 train_loss:2.802272 lr_scale:1.0000 muon_mom:0.9900 train_time:386822ms step_avg:96.71ms this_step:3768.1ms mem:19155MiB swa_n:0
step:4000/20000 val_loss:2.8807 val_bpb:1.2363 train_time:387004ms step_avg:96.75ms
step:4050/20000 train_loss:2.832484 lr_scale:1.0000 muon_mom:0.9900 train_time:391672ms step_avg:96.71ms this_step:4849.7ms mem:19155MiB swa_n:0
step:4100/20000 train_loss:2.767094 lr_scale:1.0000 muon_mom:0.9900 train_time:399303ms step_avg:97.39ms this_step:7631.2ms mem:19155MiB swa_n:0
step:4150/20000 train_loss:2.917701 lr_scale:1.0000 muon_mom:0.9900 train_time:403009ms step_avg:97.11ms this_step:3706.0ms mem:19155MiB swa_n:0
step:4200/20000 train_loss:2.965606 lr_scale:0.9701 muon_mom:0.9900 train_time:410417ms step_avg:97.72ms this_step:7408.4ms mem:19155MiB swa_n:0
step:4250/20000 train_loss:2.754603 lr_scale:0.9544 muon_mom:0.9900 train_time:414051ms step_avg:97.42ms this_step:3633.7ms mem:19155MiB swa_n:0
step:4300/20000 train_loss:2.578750 lr_scale:0.9378 muon_mom:0.9900 train_time:417770ms step_avg:97.16ms this_step:3719.3ms mem:19155MiB swa_n:0
step:4350/20000 train_loss:2.843820 lr_scale:0.9019 muon_mom:0.9900 train_time:424121ms step_avg:97.50ms this_step:6350.4ms mem:19155MiB swa_n:0
step:4400/20000 train_loss:2.939455 lr_scale:0.8856 muon_mom:0.9900 train_time:427790ms step_avg:97.23ms this_step:3669.2ms mem:19155MiB swa_n:0
step:4450/20000 train_loss:2.774409 lr_scale:0.8689 muon_mom:0.9900 train_time:431482ms step_avg:96.96ms this_step:3691.9ms mem:19155MiB swa_n:0
step:4500/20000 train_loss:2.803612 lr_scale:0.8281 muon_mom:0.9900 train_time:438567ms step_avg:97.46ms this_step:7085.5ms mem:19155MiB swa_n:0
step:4550/20000 train_loss:2.805999 lr_scale:0.8114 muon_mom:0.9900 train_time:442261ms step_avg:97.20ms this_step:3693.7ms mem:19155MiB swa_n:0
step:4600/20000 train_loss:3.031869 lr_scale:0.7666 muon_mom:0.9900 train_time:450021ms step_avg:97.83ms this_step:7759.7ms mem:19155MiB swa_n:0
step:4650/20000 train_loss:2.966566 lr_scale:0.7496 muon_mom:0.9900 train_time:453728ms step_avg:97.58ms this_step:3706.8ms mem:19155MiB swa_n:0
step:4700/20000 train_loss:2.827871 lr_scale:0.7327 muon_mom:0.9900 train_time:457399ms step_avg:97.32ms this_step:3671.6ms mem:19155MiB swa_n:0
step:4750/20000 train_loss:2.830295 lr_scale:0.6874 muon_mom:0.9900 train_time:465338ms step_avg:97.97ms this_step:7939.0ms mem:19155MiB swa_n:0
step:4800/20000 train_loss:2.884714 lr_scale:0.6704 muon_mom:0.9900 train_time:469010ms step_avg:97.71ms this_step:3672.0ms mem:19155MiB swa_n:0
step:4850/20000 train_loss:2.917770 lr_scale:0.6256 muon_mom:0.9900 train_time:476962ms step_avg:98.34ms this_step:7951.7ms mem:19155MiB swa_n:0
step:4900/20000 train_loss:2.957693 lr_scale:0.6084 muon_mom:0.9900 train_time:480653ms step_avg:98.09ms this_step:3691.4ms mem:19155MiB swa_n:0
step:4950/20000 train_loss:2.859771 lr_scale:0.5911 muon_mom:0.9900 train_time:484344ms step_avg:97.85ms this_step:3690.5ms mem:19155MiB swa_n:0
step:5000/20000 train_loss:2.904546 lr_scale:0.5528 muon_mom:0.9900 train_time:491367ms step_avg:98.27ms this_step:7023.5ms mem:19155MiB swa_n:0
step:5000/20000 val_loss:2.8125 val_bpb:1.2071 train_time:491524ms step_avg:98.30ms
step:5050/20000 train_loss:2.879925 lr_scale:0.5351 muon_mom:0.9900 train_time:495101ms step_avg:98.04ms this_step:3733.5ms mem:19155MiB swa_n:0
step:5100/20000 train_loss:2.868886 lr_scale:0.5044 muon_mom:0.9900 train_time:500931ms step_avg:98.22ms this_step:5830.2ms mem:19155MiB swa_n:0
step:5150/20000 train_loss:2.814165 lr_scale:0.4868 muon_mom:0.9900 train_time:504615ms step_avg:97.98ms this_step:3684.0ms mem:19155MiB swa_n:0
step:5200/20000 train_loss:2.882486 lr_scale:0.4688 muon_mom:0.9900 train_time:508362ms step_avg:97.76ms this_step:3746.5ms mem:19155MiB swa_n:0
step:5250/20000 train_loss:2.804855 lr_scale:0.4333 muon_mom:0.9900 train_time:514991ms step_avg:98.09ms this_step:6629.7ms mem:19155MiB swa_n:0
step:5300/20000 train_loss:2.682694 lr_scale:0.4158 muon_mom:0.9900 train_time:518624ms step_avg:97.85ms this_step:3632.5ms mem:19155MiB swa_n:0
step:5350/20000 train_loss:2.824825 lr_scale:0.3856 muon_mom:0.9900 train_time:524405ms step_avg:98.02ms this_step:5781.0ms mem:19155MiB swa_n:0
step:5400/20000 train_loss:2.618300 lr_scale:0.3675 muon_mom:0.9900 train_time:528128ms step_avg:97.80ms this_step:3723.1ms mem:19155MiB swa_n:0
step:5450/20000 train_loss:2.933836 lr_scale:0.3493 muon_mom:0.9900 train_time:531834ms step_avg:97.58ms this_step:3706.3ms mem:19155MiB swa_n:0
step:5500/20000 train_loss:2.838282 lr_scale:0.3153 muon_mom:0.9900 train_time:538296ms step_avg:97.87ms this_step:6462.1ms mem:19155MiB swa_n:0
step:5550/20000 train_loss:2.809151 lr_scale:0.2969 muon_mom:0.9900 train_time:542021ms step_avg:97.66ms this_step:3724.5ms mem:19155MiB swa_n:0
step:5600/20000 train_loss:2.757931 lr_scale:0.2674 muon_mom:0.9900 train_time:547717ms step_avg:97.81ms this_step:5696.1ms mem:19155MiB swa_n:0
step:5650/20000 train_loss:2.816345 lr_scale:0.2491 muon_mom:0.9900 train_time:551408ms step_avg:97.59ms this_step:3691.3ms mem:19155MiB swa_n:0
step:5700/20000 train_loss:2.661090 lr_scale:0.2305 muon_mom:0.9900 train_time:555139ms step_avg:97.39ms this_step:3730.7ms mem:19155MiB swa_n:0
step:5750/20000 train_loss:2.706886 lr_scale:0.2008 muon_mom:0.9900 train_time:560867ms step_avg:97.54ms this_step:5728.4ms mem:19155MiB swa_n:0
swa:start step=5750
step:5800/20000 train_loss:2.919083 lr_scale:0.1809 muon_mom:0.9900 train_time:564805ms step_avg:97.38ms this_step:3937.7ms mem:19155MiB swa_n:1
step:5850/20000 train_loss:2.638142 lr_scale:0.1624 muon_mom:0.9900 train_time:570602ms step_avg:97.54ms this_step:5796.7ms mem:19155MiB swa_n:2
step:5900/20000 train_loss:2.817349 lr_scale:0.1320 muon_mom:0.9900 train_time:574335ms step_avg:97.34ms this_step:3732.8ms mem:19155MiB swa_n:3
step:5950/20000 train_loss:2.738935 lr_scale:0.1134 muon_mom:0.9900 train_time:578000ms step_avg:97.14ms this_step:3665.9ms mem:19155MiB swa_n:4
step:6000/20000 train_loss:2.799308 lr_scale:0.0728 muon_mom:0.9900 train_time:585826ms step_avg:97.64ms this_step:7825.2ms mem:19155MiB swa_n:5
step:6000/20000 val_loss:2.7276 val_bpb:1.1706 train_time:585926ms step_avg:97.65ms
step:6050/20000 train_loss:2.720844 lr_scale:0.0480 muon_mom:0.9900 train_time:590669ms step_avg:97.63ms this_step:4843.6ms mem:19155MiB swa_n:6
step:6100/20000 train_loss:2.676640 lr_scale:0.0286 muon_mom:0.9900 train_time:594463ms step_avg:97.45ms this_step:3793.3ms mem:19155MiB swa_n:7
step:6130/20000 val_loss:2.7199 val_bpb:1.1673 train_time:599635ms step_avg:97.82ms
stopping_early: wallclock_cap train_time:599635ms step:6130/20000
peak memory allocated: 19155 MiB reserved: 19868 MiB
phase:train wall_ms:630990 steps:6130 step_avg:97.82ms
swa:applying averaged 8 checkpoints
pruning: zeroed 777,891 weights (3.0%) below 0.002682
phase:postprocess wall_ms:214 (swa+ema+pruning)
pre_quant_eval val_loss:2.7051 val_bpb:1.1610 eval_time:27032ms
pre_quant_eval_exact val_loss:2.70507967 val_bpb:1.16097534
Serialized model: 99481691 bytes
Code size: 76716 bytes
Total submission size: 99558407 bytes
quant_tensor:bigram.embed.weight shape:[2048, 128] bits:6 scale_range:[0.032257,0.032257]
quant_tensor:blocks.0.attn.c_qkv.weight shape:[1024, 512] bits:6 scale_range:[0.032257,0.068359]
quant_tensor:blocks.0.attn.proj.weight shape:[512, 512] bits:6 scale_range:[0.032257,0.036865]
quant_tensor:blocks.0.mlp.fc.weight shape:[1536, 512] bits:6 scale_range:[0.032257,0.095276]
quant_tensor:blocks.0.mlp.proj.weight shape:[512, 1536] bits:6 scale_range:[0.032257,0.032257]
quant_tensor:blocks.1.attn.c_qkv.weight shape:[1024, 512] bits:6 scale_range:[0.032257,0.046234]
quant_tensor:blocks.1.attn.proj.weight shape:[512, 512] bits:6 scale_range:[0.032257,0.032593]
quant_tensor:blocks.1.mlp.fc.weight shape:[1536, 512] bits:6 scale_range:[0.032257,0.049286]
quant_tensor:blocks.1.mlp.proj.weight shape:[512, 1536] bits:6 scale_range:[0.032257,0.096680]
quant_tensor:blocks.2.attn.c_qkv.weight shape:[1024, 512] bits:6 scale_range:[0.032257,0.057068]
quant_tensor:blocks.2.attn.proj.weight shape:[512, 512] bits:6 scale_range:[0.032257,0.044800]
quant_tensor:blocks.2.mlp.fc.weight shape:[1536, 512] bits:6 scale_range:[0.032257,0.119324]
quant_tensor:blocks.2.mlp.proj.weight shape:[512, 1536] bits:6 scale_range:[0.032257,0.122986]
quant_tensor:blocks.3.attn.c_qkv.weight shape:[1024, 512] bits:6 scale_range:[0.032257,0.061584]
quant_tensor:blocks.3.attn.proj.weight shape:[512, 512] bits:6 scale_range:[0.032257,0.041748]
quant_tensor:blocks.3.mlp.fc.weight shape:[1536, 512] bits:6 scale_range:[0.032257,0.044800]
quant_tensor:blocks.3.mlp.proj.weight shape:[512, 1536] bits:6 scale_range:[0.032257,0.032257]
quant_tensor:blocks.4.attn.c_qkv.weight shape:[1024, 512] bits:6 scale_range:[0.032257,0.039886]
quant_tensor:blocks.4.attn.proj.weight shape:[512, 512] bits:6 scale_range:[0.032257,0.037109]
quant_tensor:blocks.4.mlp.fc.weight shape:[1536, 512] bits:6 scale_range:[0.032257,0.036102]
quant_tensor:blocks.4.mlp.proj.weight shape:[512, 1536] bits:6 scale_range:[0.032257,0.036835]
quant_tensor:blocks.5.attn.c_qkv.weight shape:[1024, 512] bits:6 scale_range:[0.032257,0.039978]
quant_tensor:blocks.5.attn.proj.weight shape:[512, 512] bits:6 scale_range:[0.032257,0.032257]
quant_tensor:blocks.5.mlp.fc.weight shape:[1536, 512] bits:6 scale_range:[0.032257,0.039795]
quant_tensor:blocks.5.mlp.proj.weight shape:[512, 1536] bits:6 scale_range:[0.032257,0.032257]
quant_tensor:blocks.6.attn.c_qkv.weight shape:[1024, 512] bits:6 scale_range:[0.032257,0.047180]
quant_tensor:blocks.6.attn.proj.weight shape:[512, 512] bits:6 scale_range:[0.032257,0.041534]
quant_tensor:blocks.6.mlp.fc.weight shape:[1536, 512] bits:6 scale_range:[0.032257,0.044525]
quant_tensor:blocks.6.mlp.proj.weight shape:[512, 1536] bits:6 scale_range:[0.032257,0.032257]
quant_tensor:blocks.7.attn.c_qkv.weight shape:[1024, 512] bits:6 scale_range:[0.032257,0.073303]
quant_tensor:blocks.7.attn.proj.weight shape:[512, 512] bits:6 scale_range:[0.032257,0.036469]
quant_tensor:blocks.7.mlp.fc.weight shape:[1536, 512] bits:6 scale_range:[0.032257,0.050110]
quant_tensor:blocks.7.mlp.proj.weight shape:[512, 1536] bits:6 scale_range:[0.032257,0.032257]
quant_tensor:blocks.8.attn.c_qkv.weight shape:[1024, 512] bits:6 scale_range:[0.032257,0.063477]
quant_tensor:blocks.8.attn.proj.weight shape:[512, 512] bits:6 scale_range:[0.032257,0.041443]
quant_tensor:blocks.8.mlp.fc.weight shape:[1536, 512] bits:6 scale_range:[0.032257,0.042419]
quant_tensor:blocks.8.mlp.proj.weight shape:[512, 1536] bits:6 scale_range:[0.032257,0.094543]
quant_tensor:blocks.9.attn.c_qkv.weight shape:[1024, 512] bits:6 scale_range:[0.032257,0.043335]
quant_tensor:blocks.9.attn.proj.weight shape:[512, 512] bits:6 scale_range:[0.032257,0.032257]
quant_tensor:blocks.9.mlp.fc.weight shape:[1536, 512] bits:6 scale_range:[0.032257,0.059387]
quant_tensor:blocks.9.mlp.proj.weight shape:[512, 1536] bits:6 scale_range:[0.032257,0.080322]
passthrough_tensor:bigram.proj.weight shape:[512, 128] dtype:torch.float16 bytes:131072
passthrough_tensor:bigram.scale shape:[] dtype:torch.float16 bytes:2
passthrough_tensor:blocks.0.attn.q_gain shape:[8] dtype:torch.float32 bytes:32
passthrough_tensor:blocks.0.attn_scale shape:[512] dtype:torch.float32 bytes:2048
passthrough_tensor:blocks.0.depth_scale shape:[] dtype:torch.float16 bytes:2
passthrough_tensor:blocks.0.mlp_scale shape:[512] dtype:torch.float32 bytes:2048
passthrough_tensor:blocks.0.resid_mix shape:[2, 512] dtype:torch.float32 bytes:4096
passthrough_tensor:blocks.1.attn.q_gain shape:[8] dtype:torch.float32 bytes:32
passthrough_tensor:blocks.1.attn_scale shape:[512] dtype:torch.float32 bytes:2048
passthrough_tensor:blocks.1.depth_scale shape:[] dtype:torch.float16 bytes:2
passthrough_tensor:blocks.1.mlp_scale shape:[512] dtype:torch.float32 bytes:2048
passthrough_tensor:blocks.1.resid_mix shape:[2, 512] dtype:torch.float32 bytes:4096
passthrough_tensor:blocks.2.attn.q_gain shape:[8] dtype:torch.float32 bytes:32
passthrough_tensor:blocks.2.attn_scale shape:[512] dtype:torch.float32 bytes:2048
passthrough_tensor:blocks.2.depth_scale shape:[] dtype:torch.float16 bytes:2
passthrough_tensor:blocks.2.mlp_scale shape:[512] dtype:torch.float32 bytes:2048
passthrough_tensor:blocks.2.resid_mix shape:[2, 512] dtype:torch.float32 bytes:4096
passthrough_tensor:blocks.3.attn.q_gain shape:[8] dtype:torch.float32 bytes:32
passthrough_tensor:blocks.3.attn_scale shape:[512] dtype:torch.float32 bytes:2048
passthrough_tensor:blocks.3.depth_scale shape:[] dtype:torch.float16 bytes:2
passthrough_tensor:blocks.3.mlp_scale shape:[512] dtype:torch.float32 bytes:2048
passthrough_tensor:blocks.3.resid_mix shape:[2, 512] dtype:torch.float32 bytes:4096
passthrough_tensor:blocks.4.attn.q_gain shape:[8] dtype:torch.float32 bytes:32
passthrough_tensor:blocks.4.attn_scale shape:[512] dtype:torch.float32 bytes:2048
passthrough_tensor:blocks.4.depth_scale shape:[] dtype:torch.float16 bytes:2
passthrough_tensor:blocks.4.mlp_scale shape:[512] dtype:torch.float32 bytes:2048
passthrough_tensor:blocks.4.resid_mix shape:[2, 512] dtype:torch.float32 bytes:4096
passthrough_tensor:blocks.5.attn.q_gain shape:[8] dtype:torch.float32 bytes:32
passthrough_tensor:blocks.5.attn_scale shape:[512] dtype:torch.float32 bytes:2048
passthrough_tensor:blocks.5.depth_scale shape:[] dtype:torch.float16 bytes:2
passthrough_tensor:blocks.5.mlp_scale shape:[512] dtype:torch.float32 bytes:2048
passthrough_tensor:blocks.5.resid_mix shape:[2, 512] dtype:torch.float32 bytes:4096
passthrough_tensor:blocks.6.attn.q_gain shape:[8] dtype:torch.float32 bytes:32
passthrough_tensor:blocks.6.attn_scale shape:[512] dtype:torch.float32 bytes:2048
passthrough_tensor:blocks.6.depth_scale shape:[] dtype:torch.float16 bytes:2
passthrough_tensor:blocks.6.mlp_scale shape:[512] dtype:torch.float32 bytes:2048
passthrough_tensor:blocks.6.resid_mix shape:[2, 512] dtype:torch.float32 bytes:4096
passthrough_tensor:blocks.7.attn.q_gain shape:[8] dtype:torch.float32 bytes:32
passthrough_tensor:blocks.7.attn_scale shape:[512] dtype:torch.float32 bytes:2048
passthrough_tensor:blocks.7.depth_scale shape:[] dtype:torch.float16 bytes:2
passthrough_tensor:blocks.7.mlp_scale shape:[512] dtype:torch.float32 bytes:2048
passthrough_tensor:blocks.7.resid_mix shape:[2, 512] dtype:torch.float32 bytes:4096
passthrough_tensor:blocks.8.attn.q_gain shape:[8] dtype:torch.float32 bytes:32
passthrough_tensor:blocks.8.attn_scale shape:[512] dtype:torch.float32 bytes:2048
passthrough_tensor:blocks.8.depth_scale shape:[] dtype:torch.float16 bytes:2
passthrough_tensor:blocks.8.mlp_scale shape:[512] dtype:torch.float32 bytes:2048
passthrough_tensor:blocks.8.resid_mix shape:[2, 512] dtype:torch.float32 bytes:4096
passthrough_tensor:blocks.9.attn.q_gain shape:[8] dtype:torch.float32 bytes:32
passthrough_tensor:blocks.9.attn_scale shape:[512] dtype:torch.float32 bytes:2048
passthrough_tensor:blocks.9.depth_scale shape:[] dtype:torch.float16 bytes:2
passthrough_tensor:blocks.9.mlp_scale shape:[512] dtype:torch.float32 bytes:2048
passthrough_tensor:blocks.9.resid_mix shape:[2, 512] dtype:torch.float32 bytes:4096
passthrough_tensor:skip_weights shape:[5, 512] dtype:torch.float32 bytes:10240
passthrough_tensor:smear.gate shape:[512] dtype:torch.float16 bytes:1024
passthrough_tensor:tok_emb.weight shape:[4096, 512] dtype:torch.float16 bytes:4194304
Serialized model zstd-22: 16718251 bytes (payload:28349782 raw_torch:28391533 payload_ratio:3.51x)
Total submission size zstd-22: 16794967 bytes
WARNING: Total size 16794967 exceeds 16MB limit!
phase:serialize wall_ms:52660 (quant+compress+save)
final_int8_zlib_roundtrip val_loss:2.7345 val_bpb:1.1736 eval_time:1282ms eval_seq_len:2048
final_int8_zlib_roundtrip_exact val_loss:2.73452588 val_bpb:1.17361316
quant_gap: 0.012638 BPB (pre:1.160975 post:1.173613)
phase:postquant_eval wall_ms:1671
ttt:rank0 short=1555 long=4695 epochs=3 batch=64
ttt:short_docs time=15550ms tokens=273062
ttt:batch 5/74 time=1267ms avg_loss=2.7377
ttt:batch 10/74 time=2450ms avg_loss=2.6827
ttt:batch 15/74 time=3632ms avg_loss=2.6473
ttt:batch 20/74 time=4816ms avg_loss=2.6208
ttt:batch 25/74 time=6007ms avg_loss=2.5940
ttt:batch 30/74 time=8398ms avg_loss=2.5243
ttt:batch 35/74 time=10787ms avg_loss=2.4735
ttt:batch 40/74 time=13470ms avg_loss=2.4356
ttt:batch 45/74 time=17570ms avg_loss=2.3830
ttt:batch 50/74 time=21989ms avg_loss=2.3382
ttt:batch 55/74 time=28036ms avg_loss=2.2964
ttt:batch 60/74 time=35988ms avg_loss=2.2541
ttt:batch 65/74 time=46287ms avg_loss=2.2161
ttt:batch 70/74 time=63234ms avg_loss=2.1773
ttt:long_docs time=115463ms docs=4695
final_ttt_lora val_loss:2.2208 val_bpb:0.9531 eval_time:218018ms lora_rank:8 chunk_size:256
final_ttt_lora_exact val_loss:2.22079559 val_bpb:0.95312675
ttt_gain: 0.220486 BPB gain over int8 (int8:1.173613 ttt:0.953127)
phase:ttt_eval wall_ms:218964
phase:TOTAL wall_ms:904687 (15.1 min)
phase_breakdown: train:599635ms postprocess:see_above serialize:see_above eval:see_above ttt:see_above
